SF:/home/x/src/instantcoach/core/Migrations/20190707125205_Initial.cs
FN:8,System.Void core.Migrations.Initial::Up(Microsoft.EntityFrameworkCore.Migrations.MigrationBuilder)
FNDA:0,System.Void core.Migrations.Initial::Up(Microsoft.EntityFrameworkCore.Migrations.MigrationBuilder)
DA:9,0
DA:10,0
DA:11,0
DA:12,0
DA:14,0
DA:15,0
DA:16,0
DA:17,0
DA:18,0
DA:19,0
DA:20,0
DA:21,0
DA:22,0
DA:23,0
DA:24,0
DA:25,0
DA:26,0
DA:27,0
DA:28,0
DA:29,0
DA:30,0
DA:31,0
DA:32,0
DA:33,0
DA:34,0
DA:35,0
DA:36,0
DA:37,0
BRDA:14,49,0,0
BRDA:14,49,1,0
BRDA:14,81,0,0
BRDA:14,81,1,0
FN:39,System.Void core.Migrations.Initial::Down(Microsoft.EntityFrameworkCore.Migrations.MigrationBuilder)
FNDA:0,System.Void core.Migrations.Initial::Down(Microsoft.EntityFrameworkCore.Migrations.MigrationBuilder)
DA:40,0
DA:41,0
DA:42,0
DA:44,0
DA:45,0
DA:46,0
LF:34
LH:0
BRF:4
BRH:0
FNF:2
FNH:0
end_of_record
SF:/home/x/src/instantcoach/core/Migrations/20190707125205_Initial.Designer.cs
FN:16,System.Void core.Migrations.Initial::BuildTargetModel(Microsoft.EntityFrameworkCore.ModelBuilder)
FNDA:0,System.Void core.Migrations.Initial::BuildTargetModel(Microsoft.EntityFrameworkCore.ModelBuilder)
DA:17,0
DA:19,0
DA:20,0
DA:21,0
DA:22,0
DA:23,0
DA:25,0
DA:26,0
DA:27,0
DA:28,0
DA:29,0
DA:30,0
DA:31,0
DA:32,0
DA:33,0
DA:34,0
DA:35,0
DA:36,0
DA:37,0
DA:38,0
DA:39,0
DA:40,0
DA:41,0
DA:42,0
DA:43,0
DA:44,0
DA:45,0
DA:46,0
DA:47,0
DA:48,0
DA:49,0
DA:50,0
DA:51,0
DA:52,0
DA:53,0
DA:54,0
DA:55,0
DA:56,0
DA:57,0
DA:58,0
DA:59,0
DA:60,0
DA:61,0
DA:62,0
DA:63,0
DA:64,0
DA:65,0
DA:66,0
DA:67,0
DA:68,0
DA:69,0
DA:70,0
DA:71,0
DA:72,0
DA:73,0
DA:74,0
DA:75,0
DA:77,0
BRDA:25,81,0,0
BRDA:25,81,1,0
LF:58
LH:0
BRF:2
BRH:0
FNF:1
FNH:0
end_of_record
SF:/home/x/src/instantcoach/core/Migrations/20190707125445_StoreProcedureInstantCoachList.cs
FN:7,System.Void core.Migrations.StoreProcedureInstantCoachList::Up(Microsoft.EntityFrameworkCore.Migrations.MigrationBuilder)
FNDA:0,System.Void core.Migrations.StoreProcedureInstantCoachList::Up(Microsoft.EntityFrameworkCore.Migrations.MigrationBuilder)
DA:8,0
DA:9,0
DA:10,0
DA:11,0
DA:12,0
DA:13,0
DA:14,0
DA:15,0
DA:16,0
DA:17,0
DA:18,0
DA:19,0
DA:20,0
DA:21,0
DA:22,0
DA:23,0
DA:24,0
DA:25,0
DA:26,0
DA:27,0
DA:28,0
FN:30,System.Void core.Migrations.StoreProcedureInstantCoachList::Down(Microsoft.EntityFrameworkCore.Migrations.MigrationBuilder)
FNDA:0,System.Void core.Migrations.StoreProcedureInstantCoachList::Down(Microsoft.EntityFrameworkCore.Migrations.MigrationBuilder)
DA:31,0
DA:32,0
DA:33,0
LF:24
LH:0
BRF:0
BRH:0
FNF:2
FNH:0
end_of_record
SF:/home/x/src/instantcoach/core/Migrations/20190707125445_StoreProcedureInstantCoachList.Designer.cs
FN:16,System.Void core.Migrations.StoreProcedureInstantCoachList::BuildTargetModel(Microsoft.EntityFrameworkCore.ModelBuilder)
FNDA:0,System.Void core.Migrations.StoreProcedureInstantCoachList::BuildTargetModel(Microsoft.EntityFrameworkCore.ModelBuilder)
DA:17,0
DA:19,0
DA:20,0
DA:21,0
DA:22,0
DA:23,0
DA:25,0
DA:26,0
DA:27,0
DA:28,0
DA:29,0
DA:30,0
DA:31,0
DA:32,0
DA:33,0
DA:34,0
DA:35,0
DA:36,0
DA:37,0
DA:38,0
DA:39,0
DA:40,0
DA:41,0
DA:42,0
DA:43,0
DA:44,0
DA:45,0
DA:46,0
DA:47,0
DA:48,0
DA:49,0
DA:50,0
DA:51,0
DA:52,0
DA:53,0
DA:54,0
DA:55,0
DA:56,0
DA:57,0
DA:58,0
DA:59,0
DA:60,0
DA:61,0
DA:62,0
DA:63,0
DA:64,0
DA:65,0
DA:66,0
DA:67,0
DA:68,0
DA:69,0
DA:70,0
DA:71,0
DA:72,0
DA:73,0
DA:74,0
DA:75,0
DA:77,0
BRDA:25,81,0,0
BRDA:25,81,1,0
LF:58
LH:0
BRF:2
BRH:0
FNF:1
FNH:0
end_of_record
SF:/home/x/src/instantcoach/core/Migrations/ICContextModelSnapshot.cs
FN:14,System.Void core.Migrations.ICContextModelSnapshot::BuildModel(Microsoft.EntityFrameworkCore.ModelBuilder)
FNDA:0,System.Void core.Migrations.ICContextModelSnapshot::BuildModel(Microsoft.EntityFrameworkCore.ModelBuilder)
DA:15,0
DA:17,0
DA:18,0
DA:19,0
DA:20,0
DA:21,0
DA:23,0
DA:24,0
DA:25,0
DA:26,0
DA:27,0
DA:28,0
DA:29,0
DA:30,0
DA:31,0
DA:32,0
DA:33,0
DA:34,0
DA:35,0
DA:36,0
DA:37,0
DA:38,0
DA:39,0
DA:40,0
DA:41,0
DA:42,0
DA:43,0
DA:44,0
DA:45,0
DA:46,0
DA:47,0
DA:48,0
DA:49,0
DA:50,0
DA:51,0
DA:52,0
DA:53,0
DA:54,0
DA:55,0
DA:56,0
DA:57,0
DA:58,0
DA:59,0
DA:60,0
DA:61,0
DA:62,0
DA:63,0
DA:64,0
DA:65,0
DA:66,0
DA:67,0
DA:68,0
DA:69,0
DA:70,0
DA:71,0
DA:72,0
DA:73,0
DA:75,0
BRDA:23,81,0,0
BRDA:23,81,1,0
LF:58
LH:0
BRF:2
BRH:0
FNF:1
FNH:0
end_of_record
SF:/home/x/src/instantcoach/core/ICContextDesignTimeFactory.cs
FN:15,Core.Context.ICContext Api.ICContextDesignTimeFactory::CreateDbContext(System.String[])
FNDA:0,Core.Context.ICContext Api.ICContextDesignTimeFactory::CreateDbContext(System.String[])
DA:16,0
DA:17,0
DA:18,0
DA:19,0
DA:20,0
DA:21,0
DA:22,0
LF:7
LH:0
BRF:0
BRH:0
FNF:1
FNH:0
end_of_record
SF:/home/x/src/instantcoach/core/Config.cs
FN:15,System.String Core.Config::get_DbName()
FNDA:0,System.String Core.Config::get_DbName()
DA:16,0
FN:17,System.String Core.Config::get_DbUser()
FNDA:0,System.String Core.Config::get_DbUser()
DA:18,0
FN:20,System.String Core.Config::get_DbPassword()
FNDA:0,System.String Core.Config::get_DbPassword()
DA:21,0
FN:22,Core.Models.InstantCoachStatus Core.Config::get_InstantCoachStatusDefault()
FNDA:0,Core.Models.InstantCoachStatus Core.Config::get_InstantCoachStatusDefault()
DA:23,0
FN:24,System.String Core.Config::get_JwtAuthority()
FNDA:0,System.String Core.Config::get_JwtAuthority()
DA:25,0
FN:26,System.String Core.Config::get_JwtAudience()
FNDA:0,System.String Core.Config::get_JwtAudience()
DA:27,0
FN:30,System.String Core.Config::GetEnvVarByName(System.String)
FNDA:0,System.String Core.Config::GetEnvVarByName(System.String)
DA:31,0
DA:32,0
DA:33,0
DA:34,0
DA:35,0
DA:37,0
DA:38,0
BRDA:33,16,0,0
BRDA:33,16,1,0
FN:40,System.String Core.Config::GetConnectionString()
FNDA:0,System.String Core.Config::GetConnectionString()
DA:41,0
DA:42,0
DA:43,0
DA:44,0
DA:45,0
DA:46,0
LF:19
LH:0
BRF:2
BRH:0
FNF:8
FNH:0
end_of_record
SF:/home/x/src/instantcoach/core/Context/DbErrorManagers.cs
FN:21,Core.DatabaseError Core.SqlServerErrorManager::GetError(System.Data.SqlClient.SqlException)
FNDA:0,Core.DatabaseError Core.SqlServerErrorManager::GetError(System.Data.SqlClient.SqlException)
DA:22,0
DA:23,0
DA:26,0
DA:29,0
DA:31,0
DA:33,0
DA:35,0
DA:37,0
BRDA:23,16,0,0
BRDA:23,24,0,0
BRDA:23,16,1,0
BRDA:23,44,0,0
BRDA:23,54,0,0
BRDA:23,24,1,0
BRDA:23,34,1,0
BRDA:23,44,1,0
BRDA:23,54,1,0
BRDA:23,64,1,0
BRDA:23,34,0,0
BRDA:23,64,0,0
LF:8
LH:0
BRF:12
BRH:0
FNF:1
FNH:0
end_of_record
SF:/home/x/src/instantcoach/core/Helpers.cs
FN:12,T Core.Helpers::FromJson(System.String)
FNDA:0,T Core.Helpers::FromJson(System.String)
DA:13,0
DA:14,0
DA:15,0
FN:17,System.String Core.Helpers::ToLogJson(T)
FNDA:0,System.String Core.Helpers::ToLogJson(T)
DA:18,0
DA:19,0
DA:20,0
DA:21,0
DA:22,0
DA:23,0
DA:24,0
DA:25,0
DA:26,0
FN:28,System.String Core.Helpers::ToJson(T)
FNDA:0,System.String Core.Helpers::ToJson(T)
DA:29,0
DA:30,0
DA:31,0
FN:33,System.String Core.Helpers::GetTicksExcludingFirst5Digits()
FNDA:0,System.String Core.Helpers::GetTicksExcludingFirst5Digits()
DA:34,0
DA:35,0
DA:36,0
FN:38,System.String Core.Helpers::CheckStringForLength(System.String,System.String,System.Int32)
FNDA:0,System.String Core.Helpers::CheckStringForLength(System.String,System.String,System.Int32)
DA:39,0
DA:40,0
DA:41,0
DA:42,0
DA:44,0
DA:45,0
BRDA:40,9,0,0
BRDA:40,9,1,0
FN:47,System.Collections.Generic.List`1<T> Core.Helpers::ClenupNullItems(System.Collections.Generic.List`1<T>)
FNDA:0,System.Collections.Generic.List`1<T> Core.Helpers::ClenupNullItems(System.Collections.Generic.List`1<T>)
DA:48,0
DA:49,0
DA:50,0
BRDA:49,8,0,0
BRDA:49,8,1,0
FN:56,System.String Core.IntExtensions::CheckGreaterThanZero(System.Int32,System.String)
FNDA:0,System.String Core.IntExtensions::CheckGreaterThanZero(System.Int32,System.String)
DA:57,0
DA:58,0
DA:59,0
DA:60,0
BRDA:58,10,0,0
BRDA:58,10,1,0
FN:65,System.String Core.StringExtensions::CheckForNull(System.String,System.String)
FNDA:0,System.String Core.StringExtensions::CheckForNull(System.String,System.String)
DA:66,0
DA:67,0
DA:68,0
DA:69,0
BRDA:67,9,0,0
BRDA:67,9,1,0
FN:71,System.String Core.StringExtensions::CheckLength(System.String,System.String,System.Int32)
FNDA:0,System.String Core.StringExtensions::CheckLength(System.String,System.String,System.Int32)
DA:72,0
DA:73,0
DA:75,0
DA:76,0
DA:77,0
DA:78,0
BRDA:73,7,0,0
BRDA:73,7,1,0
BRDA:75,25,0,0
BRDA:75,25,1,0
FN:80,System.String Core.StringExtensions::CheckExactLength(System.String,System.String,System.Int32)
FNDA:0,System.String Core.StringExtensions::CheckExactLength(System.String,System.String,System.Int32)
DA:81,0
DA:83,0
DA:84,0
DA:85,0
DA:86,0
BRDA:83,15,0,0
BRDA:83,15,1,0
LF:46
LH:0
BRF:14
BRH:0
FNF:10
FNH:0
end_of_record
SF:/home/x/src/instantcoach/core/Services.cs
FN:18,System.Void Core.Services.InstantCoachService::.ctor(Microsoft.Extensions.Logging.ILogger`1<Core.Services.InstantCoachService>,Microsoft.Extensions.Options.IOptions`1<Core.Config>,Core.Repositories.InstantCoachRepository)
FNDA:0,System.Void Core.Services.InstantCoachService::.ctor(Microsoft.Extensions.Logging.ILogger`1<Core.Services.InstantCoachService>,Microsoft.Extensions.Options.IOptions`1<Core.Config>,Core.Repositories.InstantCoachRepository)
DA:19,0
DA:20,0
DA:21,0
DA:22,0
DA:23,0
DA:24,0
DA:25,0
DA:26,0
DA:28,0
FN:31,System.Void Core.Services.InstantCoachService/<GetList>d__4::MoveNext()
FNDA:0,System.Void Core.Services.InstantCoachService/<GetList>d__4::MoveNext()
DA:32,0
DA:33,0
DA:34,0
DA:35,0
DA:36,0
BRDA:33,60,0,0
BRDA:33,60,1,0
FN:38,System.Void Core.Services.InstantCoachService/<GetById>d__5::MoveNext()
FNDA:0,System.Void Core.Services.InstantCoachService/<GetById>d__5::MoveNext()
DA:39,0
DA:40,0
DA:41,0
DA:42,0
DA:44,0
DA:45,0
DA:46,0
DA:47,0
DA:48,0
BRDA:39,14,0,0
BRDA:40,57,0,0
BRDA:40,57,1,0
BRDA:40,151,0,0
BRDA:40,151,1,0
BRDA:44,202,0,0
BRDA:39,14,1,0
BRDA:44,202,1,0
BRDA:46,366,0,0
BRDA:46,366,1,0
FN:50,System.Void Core.Services.InstantCoachService/<Create>d__6::MoveNext()
FNDA:0,System.Void Core.Services.InstantCoachService/<Create>d__6::MoveNext()
DA:51,0
DA:55,0
DA:56,0
DA:57,0
DA:58,0
DA:59,0
BRDA:56,65,0,0
BRDA:56,65,1,0
LF:29
LH:0
BRF:14
BRH:0
FNF:4
FNH:0
end_of_record
SF:/home/x/src/instantcoach/core/Repositories.cs
FN:55,Core.Models.Result`1<T> Core.Repositories.Repository`1::GetCreateResult(T,System.Int32)
FNDA:0,Core.Models.Result`1<T> Core.Repositories.Repository`1::GetCreateResult(T,System.Int32)
DA:56,0
DA:57,0
DA:58,0
DA:59,0
DA:60,0
BRDA:58,17,0,0
BRDA:58,17,1,0
FN:62,Core.Models.Result Core.Repositories.Repository`1::GetResult(System.Int32)
FNDA:0,Core.Models.Result Core.Repositories.Repository`1::GetResult(System.Int32)
DA:63,0
DA:64,0
DA:65,0
DA:66,0
DA:67,0
DA:70,0
DA:71,0
DA:72,0
BRDA:64,7,0,0
BRDA:64,7,1,0
FN:18,System.Void Core.Repositories.Repository`1::.ctor(Microsoft.Extensions.Logging.ILoggerFactory,Microsoft.EntityFrameworkCore.DbContext)
FNDA:0,System.Void Core.Repositories.Repository`1::.ctor(Microsoft.Extensions.Logging.ILoggerFactory,Microsoft.EntityFrameworkCore.DbContext)
DA:19,0
DA:20,0
DA:21,0
DA:22,0
DA:23,0
FN:25,System.Void Core.Repositories.Repository`1/<FindById>d__3::MoveNext()
FNDA:0,System.Void Core.Repositories.Repository`1/<FindById>d__3::MoveNext()
DA:26,0
DA:27,0
DA:28,0
DA:29,0
BRDA:27,67,0,0
BRDA:27,67,1,0
FN:31,System.Void Core.Repositories.Repository`1/<Save>d__4::MoveNext()
FNDA:0,System.Void Core.Repositories.Repository`1/<Save>d__4::MoveNext()
DA:32,0
DA:33,0
DA:34,0
DA:35,0
DA:36,0
DA:37,0
DA:39,0
DA:40,0
DA:41,0
DA:42,0
DA:44,0
DA:45,0
DA:46,0
BRDA:33,37,0,0
BRDA:33,37,1,0
BRDA:44,225,0,0
BRDA:44,225,1,0
FN:48,System.Void Core.Repositories.Repository`1/<Delete>d__5::MoveNext()
FNDA:0,System.Void Core.Repositories.Repository`1/<Delete>d__5::MoveNext()
DA:49,0
DA:50,0
DA:51,0
DA:52,0
DA:53,0
BRDA:51,79,0,0
BRDA:51,79,1,0
FN:162,System.Data.SqlClient.SqlParameter Core.Repositories.InstantCoachRepository::GetAndLogIdParam(System.Int32)
FNDA:0,System.Data.SqlClient.SqlParameter Core.Repositories.InstantCoachRepository::GetAndLogIdParam(System.Int32)
DA:163,0
DA:164,0
DA:165,0
DA:166,0
DA:167,0
FN:85,System.Void Core.Repositories.InstantCoachRepository::.ctor(Microsoft.Extensions.Logging.ILoggerFactory,Core.Context.ICContext)
FNDA:0,System.Void Core.Repositories.InstantCoachRepository::.ctor(Microsoft.Extensions.Logging.ILoggerFactory,Core.Context.ICContext)
DA:86,0
DA:87,0
DA:88,0
DA:89,0
DA:90,0
FN:93,System.Void Core.Repositories.InstantCoachRepository/<GetAll>d__6::MoveNext()
FNDA:0,System.Void Core.Repositories.InstantCoachRepository/<GetAll>d__6::MoveNext()
DA:94,0
DA:95,0
DA:96,0
DA:97,0
DA:98,0
DA:99,0
DA:100,0
DA:101,0
DA:103,0
DA:104,0
DA:105,0
DA:106,0
DA:107,0
DA:108,0
DA:109,0
DA:110,0
DA:111,0
DA:112,0
DA:113,0
DA:114,0
DA:115,0
DA:116,0
DA:117,0
DA:118,0
DA:119,0
DA:120,0
DA:121,0
DA:122,0
DA:125,0
BRDA:103,177,0,0
BRDA:110,311,0,0
BRDA:103,177,1,0
BRDA:110,311,1,0
BRDA:111,414,0,0
BRDA:103,177,2,0
BRDA:111,414,1,0
BRDA:103,177,3,0
BRDA:111,521,0,0
BRDA:113,711,1,0
BRDA:115,545,0,0
BRDA:115,545,1,0
BRDA:113,616,0,0
BRDA:111,521,1,0
BRDA:113,616,1,0
BRDA:113,711,0,0
FN:127,System.Void Core.Repositories.InstantCoachRepository/<GetById>d__7::MoveNext()
FNDA:0,System.Void Core.Repositories.InstantCoachRepository/<GetById>d__7::MoveNext()
DA:128,0
DA:129,0
DA:130,0
DA:131,0
DA:132,0
DA:133,0
DA:134,0
DA:135,0
DA:136,0
DA:137,0
DA:138,0
DA:140,0
DA:141,0
DA:144,0
BRDA:129,48,0,0
BRDA:133,162,0,0
BRDA:129,48,1,0
BRDA:133,162,1,0
BRDA:134,265,0,0
BRDA:129,48,2,0
BRDA:134,265,1,0
BRDA:129,48,3,0
BRDA:134,372,0,0
BRDA:136,402,0,0
BRDA:134,372,1,0
BRDA:136,402,1,0
BRDA:136,497,0,0
BRDA:136,497,1,0
FN:146,System.Void Core.Repositories.InstantCoachRepository/<GetExistingId>d__8::MoveNext()
FNDA:0,System.Void Core.Repositories.InstantCoachRepository/<GetExistingId>d__8::MoveNext()
DA:147,0
DA:148,0
DA:149,0
DA:150,0
DA:151,0
DA:152,0
DA:153,0
DA:154,0
DA:155,0
DA:156,0
DA:157,0
DA:160,0
BRDA:148,48,0,0
BRDA:152,162,0,0
BRDA:148,48,1,0
BRDA:152,162,1,0
BRDA:153,265,0,0
BRDA:148,48,2,0
BRDA:153,265,1,0
BRDA:148,48,3,0
BRDA:153,372,0,0
BRDA:155,402,0,0
BRDA:153,372,1,0
BRDA:155,402,1,0
BRDA:155,497,0,0
BRDA:155,497,1,0
LF:105
LH:0
BRF:56
BRH:0
FNF:11
FNH:0
end_of_record
SF:/home/x/src/instantcoach/core/Models/Models.cs
FN:9,System.Collections.Generic.IReadOnlyCollection`1<T> Core.Models.ListResult`1::get_Items()
FNDA:0,System.Collections.Generic.IReadOnlyCollection`1<T> Core.Models.ListResult`1::get_Items()
DA:10,0
FN:10,System.Int32 Core.Models.ListResult`1::get_TotalCount()
FNDA:0,System.Int32 Core.Models.ListResult`1::get_TotalCount()
DA:11,0
FN:15,System.Boolean Core.Models.Result::get_Success()
FNDA:0,System.Boolean Core.Models.Result::get_Success()
DA:16,0
FN:16,Core.Models.ErrorType Core.Models.Result::get_Error()
FNDA:0,Core.Models.ErrorType Core.Models.Result::get_Error()
DA:17,0
FN:19,Core.Models.Result Core.Models.Result::AsSuccess()
FNDA:0,Core.Models.Result Core.Models.Result::AsSuccess()
DA:20,0
DA:21,0
DA:22,0
FN:24,Core.Models.Result Core.Models.Result::AsError(Core.Models.ErrorType)
FNDA:0,Core.Models.Result Core.Models.Result::AsError(Core.Models.ErrorType)
DA:25,0
DA:26,0
DA:27,0
FN:29,System.String Core.Models.Result::ToString()
FNDA:0,System.String Core.Models.Result::ToString()
DA:30,0
DA:31,0
DA:32,0
DA:33,0
DA:35,0
DA:36,0
BRDA:31,9,0,0
BRDA:31,9,1,0
FN:40,T Core.Models.Result`1::get_Value()
FNDA:0,T Core.Models.Result`1::get_Value()
DA:41,0
FN:43,Core.Models.Result`1<T> Core.Models.Result`1::AsSuccess(T)
FNDA:0,Core.Models.Result`1<T> Core.Models.Result`1::AsSuccess(T)
DA:44,0
DA:45,0
DA:46,0
DA:47,0
DA:48,0
DA:49,0
DA:50,0
FN:52,Core.Models.Result`1<T> Core.Models.Result`1::AsError(Core.Models.ErrorType)
FNDA:0,Core.Models.Result`1<T> Core.Models.Result`1::AsError(Core.Models.ErrorType)
DA:53,0
DA:54,0
DA:55,0
FN:57,System.String Core.Models.Result`1::ToString()
FNDA:0,System.String Core.Models.Result`1::ToString()
DA:58,0
DA:59,0
DA:60,0
DA:61,0
DA:62,0
DA:63,0
DA:64,0
DA:65,0
DA:66,0
DA:69,0
DA:70,0
BRDA:59,9,0,0
BRDA:62,61,0,0
BRDA:62,61,1,0
BRDA:59,9,1,0
FN:74,System.Boolean Core.Models.ValidationResult::get_IsValid()
FNDA:0,System.Boolean Core.Models.ValidationResult::get_IsValid()
DA:75,0
FN:75,System.Collections.Generic.List`1<System.String> Core.Models.ValidationResult::get_Errors()
FNDA:0,System.Collections.Generic.List`1<System.String> Core.Models.ValidationResult::get_Errors()
DA:76,0
FN:77,System.Void Core.Models.ValidationResult::AddError(System.String)
FNDA:0,System.Void Core.Models.ValidationResult::AddError(System.String)
DA:78,0
DA:79,0
DA:80,0
DA:81,0
BRDA:79,9,1,0
BRDA:79,9,0,0
FN:82,System.Void Core.Models.ValidationResult::AddErrorRange(System.Collections.Generic.IReadOnlyList`1<System.String>)
FNDA:0,System.Void Core.Models.ValidationResult::AddErrorRange(System.Collections.Generic.IReadOnlyList`1<System.String>)
DA:83,0
DA:84,0
DA:85,0
DA:86,0
BRDA:84,2,0,0
BRDA:84,2,1,0
BRDA:84,18,1,0
BRDA:84,18,0,0
FN:91,System.Int32 Core.Models.CreatedId::get_Id()
FNDA:0,System.Int32 Core.Models.CreatedId::get_Id()
DA:92,0
FN:90,System.Void Core.Models.CreatedId::.ctor(System.Int32)
FNDA:0,System.Void Core.Models.CreatedId::.ctor(System.Int32)
DA:91,0
FN:117,System.Int32 Core.Models.InstantCoachList::get_Id()
FNDA:0,System.Int32 Core.Models.InstantCoachList::get_Id()
DA:118,0
FN:118,Core.Models.InstantCoachStatus Core.Models.InstantCoachList::get_Status()
FNDA:0,Core.Models.InstantCoachStatus Core.Models.InstantCoachList::get_Status()
DA:119,0
FN:119,System.String Core.Models.InstantCoachList::get_Reference()
FNDA:0,System.String Core.Models.InstantCoachList::get_Reference()
DA:120,0
FN:120,System.String Core.Models.InstantCoachList::get_Description()
FNDA:0,System.String Core.Models.InstantCoachList::get_Description()
DA:121,0
FN:121,System.DateTime Core.Models.InstantCoachList::get_CreatedAt()
FNDA:0,System.DateTime Core.Models.InstantCoachList::get_CreatedAt()
DA:122,0
FN:122,System.DateTime Core.Models.InstantCoachList::get_UpdatedAt()
FNDA:0,System.DateTime Core.Models.InstantCoachList::get_UpdatedAt()
DA:123,0
FN:123,System.Int32 Core.Models.InstantCoachList::get_CommentsCount()
FNDA:0,System.Int32 Core.Models.InstantCoachList::get_CommentsCount()
DA:124,0
FN:124,System.String Core.Models.InstantCoachList::get_EvaluatorName()
FNDA:0,System.String Core.Models.InstantCoachList::get_EvaluatorName()
DA:125,0
FN:127,Core.Models.InstantCoachList Core.Models.InstantCoachList::FromReader(System.Data.Common.DbDataReader)
FNDA:0,Core.Models.InstantCoachList Core.Models.InstantCoachList::FromReader(System.Data.Common.DbDataReader)
DA:128,0
DA:129,0
DA:130,0
DA:131,0
DA:132,0
DA:133,0
DA:134,0
DA:135,0
DA:136,0
DA:137,0
DA:138,0
FN:98,System.Void Core.Models.InstantCoachList::.ctor(System.Int32,Core.Models.InstantCoachStatus,System.String,System.String,System.DateTime,System.DateTime,System.Int32,System.String)
FNDA:0,System.Void Core.Models.InstantCoachList::.ctor(System.Int32,Core.Models.InstantCoachStatus,System.String,System.String,System.DateTime,System.DateTime,System.Int32,System.String)
DA:99,0
DA:100,0
DA:101,0
DA:102,0
DA:103,0
DA:104,0
DA:105,0
DA:106,0
DA:107,0
DA:108,0
DA:109,0
DA:110,0
DA:111,0
DA:112,0
DA:113,0
DA:114,0
DA:115,0
DA:116,0
DA:117,0
FN:158,System.Int32 Core.Models.InstantCoachForId::get_Id()
FNDA:0,System.Int32 Core.Models.InstantCoachForId::get_Id()
DA:159,0
FN:159,System.String Core.Models.InstantCoachForId::get_TicketId()
FNDA:0,System.String Core.Models.InstantCoachForId::get_TicketId()
DA:160,0
FN:160,System.String Core.Models.InstantCoachForId::get_Description()
FNDA:0,System.String Core.Models.InstantCoachForId::get_Description()
DA:161,0
FN:161,System.String Core.Models.InstantCoachForId::get_EvaluatorName()
FNDA:0,System.String Core.Models.InstantCoachForId::get_EvaluatorName()
DA:162,0
FN:162,System.Collections.Generic.List`1<Core.Domain.Comment> Core.Models.InstantCoachForId::get_Comments()
FNDA:0,System.Collections.Generic.List`1<Core.Domain.Comment> Core.Models.InstantCoachForId::get_Comments()
DA:163,0
FN:163,System.Collections.Generic.List`1<Core.Domain.BookmarkPin> Core.Models.InstantCoachForId::get_BookmarkPins()
FNDA:0,System.Collections.Generic.List`1<Core.Domain.BookmarkPin> Core.Models.InstantCoachForId::get_BookmarkPins()
DA:164,0
FN:142,System.Void Core.Models.InstantCoachForId::.ctor(System.Int32,System.String,System.String,System.String,System.Collections.Generic.List`1<Core.Domain.Comment>,System.Collections.Generic.List`1<Core.Domain.BookmarkPin>)
FNDA:0,System.Void Core.Models.InstantCoachForId::.ctor(System.Int32,System.String,System.String,System.String,System.Collections.Generic.List`1<Core.Domain.Comment>,System.Collections.Generic.List`1<Core.Domain.BookmarkPin>)
DA:143,0
DA:144,0
DA:145,0
DA:146,0
DA:147,0
DA:148,0
DA:149,0
DA:150,0
DA:151,0
DA:152,0
DA:153,0
DA:154,0
DA:155,0
DA:156,0
DA:157,0
FN:170,System.String Core.Models.InstantCoachCreateClient::get_Description()
FNDA:0,System.String Core.Models.InstantCoachCreateClient::get_Description()
DA:171,0
FN:171,System.String Core.Models.InstantCoachCreateClient::get_TicketId()
FNDA:0,System.String Core.Models.InstantCoachCreateClient::get_TicketId()
DA:172,0
FN:172,System.Int32 Core.Models.InstantCoachCreateClient::get_EvaluatorId()
FNDA:0,System.Int32 Core.Models.InstantCoachCreateClient::get_EvaluatorId()
DA:173,0
FN:173,System.Int32 Core.Models.InstantCoachCreateClient::get_AgentId()
FNDA:0,System.Int32 Core.Models.InstantCoachCreateClient::get_AgentId()
DA:174,0
FN:174,System.String Core.Models.InstantCoachCreateClient::get_EvaluatorName()
FNDA:0,System.String Core.Models.InstantCoachCreateClient::get_EvaluatorName()
DA:175,0
FN:175,System.String Core.Models.InstantCoachCreateClient::get_AgentName()
FNDA:0,System.String Core.Models.InstantCoachCreateClient::get_AgentName()
DA:176,0
FN:176,System.Collections.Generic.List`1<Core.Models.CommentClient> Core.Models.InstantCoachCreateClient::get_Comments()
FNDA:0,System.Collections.Generic.List`1<Core.Models.CommentClient> Core.Models.InstantCoachCreateClient::get_Comments()
DA:177,0
FN:177,System.Collections.Generic.List`1<Core.Models.BookmarkPinClient> Core.Models.InstantCoachCreateClient::get_BookmarkPins()
FNDA:0,System.Collections.Generic.List`1<Core.Models.BookmarkPinClient> Core.Models.InstantCoachCreateClient::get_BookmarkPins()
DA:178,0
FN:182,Core.Models.CommentType Core.Models.CommentClient::get_CommentType()
FNDA:0,Core.Models.CommentType Core.Models.CommentClient::get_CommentType()
DA:183,0
FN:183,System.String Core.Models.CommentClient::get_Text()
FNDA:0,System.String Core.Models.CommentClient::get_Text()
DA:184,0
FN:184,Core.Models.EvaluationCommentAuthor Core.Models.CommentClient::get_AuthorType()
FNDA:0,Core.Models.EvaluationCommentAuthor Core.Models.CommentClient::get_AuthorType()
DA:185,0
FN:185,System.DateTime Core.Models.CommentClient::get_CreatedAt()
FNDA:0,System.DateTime Core.Models.CommentClient::get_CreatedAt()
DA:186,0
FN:186,System.Int32 Core.Models.CommentClient::get_BookmarkPinId()
FNDA:0,System.Int32 Core.Models.CommentClient::get_BookmarkPinId()
DA:187,0
FN:191,System.Int32 Core.Models.BookmarkPinClient::get_Id()
FNDA:0,System.Int32 Core.Models.BookmarkPinClient::get_Id()
DA:192,0
FN:192,System.Int32 Core.Models.BookmarkPinClient::get_Index()
FNDA:0,System.Int32 Core.Models.BookmarkPinClient::get_Index()
DA:193,0
FN:193,Core.Domain.Range Core.Models.BookmarkPinClient::get_Range()
FNDA:0,Core.Domain.Range Core.Models.BookmarkPinClient::get_Range()
DA:194,0
FN:194,System.String Core.Models.BookmarkPinClient::get_Comment()
FNDA:0,System.String Core.Models.BookmarkPinClient::get_Comment()
DA:195,0
FN:195,System.String Core.Models.BookmarkPinClient::get_MediaUrl()
FNDA:0,System.String Core.Models.BookmarkPinClient::get_MediaUrl()
DA:196,0
FN:200,System.Int32 Core.Models.RangeClient::get_Start()
FNDA:0,System.Int32 Core.Models.RangeClient::get_Start()
DA:201,0
FN:201,System.Int32 Core.Models.RangeClient::get_End()
FNDA:0,System.Int32 Core.Models.RangeClient::get_End()
DA:202,0
FN:206,Core.Models.UpdateType Core.Models.InstantCoachUpdateClient::get_UpdateType()
FNDA:0,Core.Models.UpdateType Core.Models.InstantCoachUpdateClient::get_UpdateType()
DA:207,0
FN:207,System.Collections.Generic.List`1<Core.Domain.Comment> Core.Models.InstantCoachUpdateClient::get_Comments()
FNDA:0,System.Collections.Generic.List`1<Core.Domain.Comment> Core.Models.InstantCoachUpdateClient::get_Comments()
DA:208,0
FN:208,System.Collections.Generic.List`1<Core.Domain.BookmarkPin> Core.Models.InstantCoachUpdateClient::get_BookmarkPins()
FNDA:0,System.Collections.Generic.List`1<Core.Domain.BookmarkPin> Core.Models.InstantCoachUpdateClient::get_BookmarkPins()
DA:209,0
FN:231,System.Int32 Core.Models.InstantCoachDb::get_Id()
FNDA:0,System.Int32 Core.Models.InstantCoachDb::get_Id()
DA:232,0
FN:232,System.String Core.Models.InstantCoachDb::get_TicketId()
FNDA:0,System.String Core.Models.InstantCoachDb::get_TicketId()
DA:233,0
FN:233,System.String Core.Models.InstantCoachDb::get_Description()
FNDA:0,System.String Core.Models.InstantCoachDb::get_Description()
DA:234,0
FN:234,System.String Core.Models.InstantCoachDb::get_EvaluatorName()
FNDA:0,System.String Core.Models.InstantCoachDb::get_EvaluatorName()
DA:235,0
FN:235,System.String Core.Models.InstantCoachDb::get_Comments()
FNDA:0,System.String Core.Models.InstantCoachDb::get_Comments()
DA:236,0
FN:236,System.String Core.Models.InstantCoachDb::get_BookmarkPins()
FNDA:0,System.String Core.Models.InstantCoachDb::get_BookmarkPins()
DA:237,0
FN:239,Core.Models.InstantCoachDb Core.Models.InstantCoachDb::FromReader(System.Data.Common.DbDataReader)
FNDA:0,Core.Models.InstantCoachDb Core.Models.InstantCoachDb::FromReader(System.Data.Common.DbDataReader)
DA:240,0
DA:241,0
DA:242,0
DA:243,0
DA:244,0
DA:245,0
DA:246,0
DA:247,0
DA:248,0
DA:249,0
DA:250,0
DA:251,0
DA:252,0
DA:253,0
BRDA:242,15,0,0
BRDA:242,15,1,0
FN:215,System.Void Core.Models.InstantCoachDb::.ctor(System.Int32,System.String,System.String,System.String,System.String,System.String)
FNDA:0,System.Void Core.Models.InstantCoachDb::.ctor(System.Int32,System.String,System.String,System.String,System.String,System.String)
DA:216,0
DA:217,0
DA:218,0
DA:219,0
DA:220,0
DA:221,0
DA:222,0
DA:223,0
DA:224,0
DA:225,0
DA:226,0
DA:227,0
DA:228,0
DA:229,0
DA:230,0
LF:167
LH:0
BRF:14
BRH:0
FNF:65
FNH:0
end_of_record
SF:/home/x/src/instantcoach/core/Models/ModelsExtensions.cs
FN:10,Core.Domain.InstantCoach Core.Models.ModelsExtensions::ToNewInstantCoach(Core.Models.InstantCoachCreateClient)
FNDA:0,Core.Domain.InstantCoach Core.Models.ModelsExtensions::ToNewInstantCoach(Core.Models.InstantCoachCreateClient)
DA:11,0
DA:12,0
DA:13,0
DA:14,0
DA:15,0
DA:16,0
DA:17,0
DA:18,0
DA:19,0
DA:20,0
DA:21,0
DA:22,0
FN:38,Core.Models.InstantCoachForId Core.Models.ModelsExtensions::ToInstantCoachForId(Core.Models.InstantCoachDb)
FNDA:0,Core.Models.InstantCoachForId Core.Models.ModelsExtensions::ToInstantCoachForId(Core.Models.InstantCoachDb)
DA:39,0
DA:40,0
DA:41,0
DA:42,0
DA:43,0
DA:44,0
DA:45,0
DA:46,0
DA:47,0
LF:21
LH:0
BRF:0
BRH:0
FNF:2
FNH:0
end_of_record
SF:/home/x/src/instantcoach/core/Domain/Domain.cs
FN:37,System.String Core.Domain.InstantCoach::get_Description()
FNDA:0,System.String Core.Domain.InstantCoach::get_Description()
DA:38,0
FN:38,Core.Models.InstantCoachStatus Core.Domain.InstantCoach::get_Status()
FNDA:0,Core.Models.InstantCoachStatus Core.Domain.InstantCoach::get_Status()
DA:39,0
FN:39,System.String Core.Domain.InstantCoach::get_TicketId()
FNDA:0,System.String Core.Domain.InstantCoach::get_TicketId()
DA:40,0
FN:40,System.String Core.Domain.InstantCoach::get_Reference()
FNDA:0,System.String Core.Domain.InstantCoach::get_Reference()
DA:41,0
FN:41,System.Int32 Core.Domain.InstantCoach::get_EvaluatorId()
FNDA:0,System.Int32 Core.Domain.InstantCoach::get_EvaluatorId()
DA:42,0
FN:42,System.Int32 Core.Domain.InstantCoach::get_AgentId()
FNDA:0,System.Int32 Core.Domain.InstantCoach::get_AgentId()
DA:43,0
FN:43,System.String Core.Domain.InstantCoach::get_EvaluatorName()
FNDA:0,System.String Core.Domain.InstantCoach::get_EvaluatorName()
DA:44,0
FN:44,System.String Core.Domain.InstantCoach::get_AgentName()
FNDA:0,System.String Core.Domain.InstantCoach::get_AgentName()
DA:45,0
FN:45,System.Collections.Generic.List`1<Core.Domain.Comment> Core.Domain.InstantCoach::get_Comments()
FNDA:0,System.Collections.Generic.List`1<Core.Domain.Comment> Core.Domain.InstantCoach::get_Comments()
DA:46,0
FN:46,System.Collections.Generic.List`1<Core.Domain.BookmarkPin> Core.Domain.InstantCoach::get_BookmarkPins()
FNDA:0,System.Collections.Generic.List`1<Core.Domain.BookmarkPin> Core.Domain.InstantCoach::get_BookmarkPins()
DA:47,0
FN:47,System.Int32 Core.Domain.InstantCoach::get_CommentsCount()
FNDA:0,System.Int32 Core.Domain.InstantCoach::get_CommentsCount()
DA:48,0
FN:49,System.DateTime Core.Domain.InstantCoach::get_CreatedAt()
FNDA:0,System.DateTime Core.Domain.InstantCoach::get_CreatedAt()
DA:50,0
FN:50,System.DateTime Core.Domain.InstantCoach::get_UpdatedAt()
FNDA:0,System.DateTime Core.Domain.InstantCoach::get_UpdatedAt()
DA:51,0
FN:54,Core.Models.ValidationResult Core.Domain.InstantCoach::UpdateAndValidate(Core.Models.UpdateType,System.Collections.Generic.List`1<Core.Models.CommentClient>,System.Collections.Generic.List`1<Core.Models.BookmarkPinClient>,System.Int32)
FNDA:0,Core.Models.ValidationResult Core.Domain.InstantCoach::UpdateAndValidate(Core.Models.UpdateType,System.Collections.Generic.List`1<Core.Models.CommentClient>,System.Collections.Generic.List`1<Core.Models.BookmarkPinClient>,System.Int32)
DA:55,0
DA:56,0
DA:57,0
DA:58,0
DA:59,0
DA:60,0
DA:61,0
FN:63,Core.Models.ValidationResult Core.Domain.InstantCoach::Validate()
FNDA:0,Core.Models.ValidationResult Core.Domain.InstantCoach::Validate()
DA:64,0
DA:65,0
DA:66,0
DA:67,0
FN:69,System.Void Core.Domain.InstantCoach::CreateComments(System.Collections.Generic.List`1<Core.Models.CommentClient>)
FNDA:0,System.Void Core.Domain.InstantCoach::CreateComments(System.Collections.Generic.List`1<Core.Models.CommentClient>)
DA:70,0
DA:71,0
DA:72,0
DA:73,0
DA:74,0
DA:75,0
DA:76,0
DA:77,0
DA:79,0
DA:82,0
DA:83,0
DA:85,0
DA:86,0
DA:89,0
DA:90,0
DA:93,0
DA:96,0
DA:98,0
DA:99,0
DA:100,0
DA:101,0
DA:102,0
DA:103,0
DA:104,0
DA:106,0
DA:107,0
DA:108,0
DA:109,0
BRDA:71,2,0,0
BRDA:71,2,1,0
BRDA:71,18,0,0
BRDA:75,262,1,0
BRDA:79,79,1,0
BRDA:79,79,3,0
BRDA:79,79,2,0
BRDA:79,79,0,0
BRDA:98,194,0,0
BRDA:101,217,0,0
BRDA:101,217,1,0
BRDA:98,194,1,0
BRDA:75,262,0,0
BRDA:71,18,1,0
FN:111,System.Void Core.Domain.InstantCoach::CreateBookmarkPins(System.Collections.Generic.List`1<Core.Models.BookmarkPinClient>)
FNDA:0,System.Void Core.Domain.InstantCoach::CreateBookmarkPins(System.Collections.Generic.List`1<Core.Models.BookmarkPinClient>)
DA:112,0
DA:113,0
DA:114,0
DA:115,0
DA:117,0
DA:118,0
DA:119,0
DA:120,0
DA:121,0
DA:122,0
DA:123,0
DA:124,0
DA:125,0
DA:126,0
DA:127,0
DA:128,0
DA:129,0
DA:130,0
BRDA:113,2,0,0
BRDA:113,2,1,0
BRDA:113,18,0,0
BRDA:117,153,1,0
BRDA:126,110,0,0
BRDA:126,110,1,0
BRDA:117,153,0,0
BRDA:113,18,1,0
FN:132,Core.Models.InstantCoachStatus Core.Domain.InstantCoach::SetStatus(Core.Models.UpdateType)
FNDA:0,Core.Models.InstantCoachStatus Core.Domain.InstantCoach::SetStatus(Core.Models.UpdateType)
DA:133,0
DA:134,0
DA:135,0
DA:136,0
DA:138,0
DA:139,0
BRDA:134,7,0,0
BRDA:134,7,1,0
FN:141,System.Collections.Generic.List`1<System.String> Core.Domain.InstantCoach::CreateValidationErrors()
FNDA:0,System.Collections.Generic.List`1<System.String> Core.Domain.InstantCoach::CreateValidationErrors()
DA:142,0
DA:143,0
DA:144,0
DA:145,0
DA:146,0
DA:147,0
DA:148,0
DA:149,0
DA:150,0
DA:151,0
DA:152,0
DA:153,0
DA:154,0
DA:155,0
DA:156,0
FN:158,System.String Core.Domain.InstantCoach::CreateReference()
FNDA:0,System.String Core.Domain.InstantCoach::CreateReference()
DA:159,0
DA:160,0
DA:161,0
DA:162,0
FN:11,System.Void Core.Domain.InstantCoach::.ctor(System.String,System.String,System.Int32,System.Int32,System.String,System.String,System.Collections.Generic.List`1<Core.Models.CommentClient>,System.Collections.Generic.List`1<Core.Models.BookmarkPinClient>)
FNDA:0,System.Void Core.Domain.InstantCoach::.ctor(System.String,System.String,System.Int32,System.Int32,System.String,System.String,System.Collections.Generic.List`1<Core.Models.CommentClient>,System.Collections.Generic.List`1<Core.Models.BookmarkPinClient>)
DA:12,0
DA:14,0
DA:15,0
DA:16,0
DA:17,0
DA:18,0
DA:19,0
DA:20,0
DA:21,0
DA:22,0
DA:23,0
DA:24,0
DA:26,0
DA:27,0
DA:28,0
DA:29,0
DA:30,0
DA:31,0
DA:32,0
DA:33,0
DA:34,0
DA:35,0
DA:36,0
FN:167,System.Int32 Core.Domain.Range::get_Start()
FNDA:0,System.Int32 Core.Domain.Range::get_Start()
DA:168,0
FN:168,System.Int32 Core.Domain.Range::get_End()
FNDA:0,System.Int32 Core.Domain.Range::get_End()
DA:169,0
FN:171,System.Boolean Core.Domain.Range/<GetAtomicValues>d__8::MoveNext()
FNDA:0,System.Boolean Core.Domain.Range/<GetAtomicValues>d__8::MoveNext()
DA:172,0
DA:173,0
DA:174,0
DA:175,0
FN:191,System.Int32 Core.Domain.BookmarkPin::get_Id()
FNDA:0,System.Int32 Core.Domain.BookmarkPin::get_Id()
DA:192,0
FN:192,System.Int32 Core.Domain.BookmarkPin::get_Index()
FNDA:0,System.Int32 Core.Domain.BookmarkPin::get_Index()
DA:193,0
FN:193,Core.Domain.Range Core.Domain.BookmarkPin::get_Range()
FNDA:0,Core.Domain.Range Core.Domain.BookmarkPin::get_Range()
DA:194,0
FN:194,System.String Core.Domain.BookmarkPin::get_Comment()
FNDA:0,System.String Core.Domain.BookmarkPin::get_Comment()
DA:195,0
FN:195,System.String Core.Domain.BookmarkPin::get_MediaUrl()
FNDA:0,System.String Core.Domain.BookmarkPin::get_MediaUrl()
DA:196,0
FN:198,System.Collections.Generic.IReadOnlyList`1<System.String> Core.Domain.BookmarkPin::Validate()
FNDA:0,System.Collections.Generic.IReadOnlyList`1<System.String> Core.Domain.BookmarkPin::Validate()
DA:199,0
DA:200,0
DA:201,0
DA:202,0
DA:203,0
DA:204,0
DA:205,0
DA:206,0
DA:207,0
BRDA:200,15,0,0
BRDA:200,15,1,0
BRDA:201,48,0,0
BRDA:201,48,1,0
BRDA:202,96,0,0
BRDA:202,96,1,0
BRDA:204,128,0,0
BRDA:204,128,1,0
FN:179,System.Void Core.Domain.BookmarkPin::.ctor(System.Int32,System.Int32,Core.Domain.Range,System.String,System.String)
FNDA:0,System.Void Core.Domain.BookmarkPin::.ctor(System.Int32,System.Int32,Core.Domain.Range,System.String,System.String)
DA:180,0
DA:182,0
DA:183,0
DA:184,0
DA:185,0
DA:186,0
DA:187,0
DA:188,0
DA:189,0
DA:190,0
FN:209,System.Boolean Core.Domain.BookmarkPin/<GetAtomicValues>d__18::MoveNext()
FNDA:0,System.Boolean Core.Domain.BookmarkPin/<GetAtomicValues>d__18::MoveNext()
DA:210,0
DA:211,0
DA:212,0
DA:213,0
DA:214,0
DA:215,0
FN:243,Core.Models.CommentType Core.Domain.Comment::get_CommentType()
FNDA:0,Core.Models.CommentType Core.Domain.Comment::get_CommentType()
DA:244,0
FN:244,System.String Core.Domain.Comment::get_Text()
FNDA:0,System.String Core.Domain.Comment::get_Text()
DA:245,0
FN:245,Core.Models.EvaluationCommentAuthor Core.Domain.Comment::get_AuthorType()
FNDA:0,Core.Models.EvaluationCommentAuthor Core.Domain.Comment::get_AuthorType()
DA:246,0
FN:246,System.DateTime Core.Domain.Comment::get_CreatedAt()
FNDA:0,System.DateTime Core.Domain.Comment::get_CreatedAt()
DA:247,0
FN:247,System.Int32 Core.Domain.Comment::get_BookmarkPinId()
FNDA:0,System.Int32 Core.Domain.Comment::get_BookmarkPinId()
DA:248,0
FN:250,System.Collections.Generic.IReadOnlyList`1<System.String> Core.Domain.Comment::Validate()
FNDA:0,System.Collections.Generic.IReadOnlyList`1<System.String> Core.Domain.Comment::Validate()
DA:251,0
DA:252,0
DA:255,0
DA:256,0
DA:257,0
DA:259,0
DA:260,0
DA:261,0
DA:262,0
DA:263,0
DA:265,0
DA:266,0
DA:269,0
DA:272,0
DA:273,0
BRDA:252,13,1,0
BRDA:255,48,0,0
BRDA:252,13,3,0
BRDA:259,85,0,0
BRDA:259,85,1,0
BRDA:261,115,0,0
BRDA:261,115,1,0
BRDA:261,143,0,0
BRDA:252,13,2,0
BRDA:265,180,0,0
BRDA:252,13,0,0
BRDA:255,48,1,0
BRDA:261,143,1,0
BRDA:265,180,1,0
FN:277,Core.Domain.Comment Core.Domain.Comment::Textual(System.String,Core.Models.EvaluationCommentAuthor,System.DateTime)
FNDA:0,Core.Domain.Comment Core.Domain.Comment::Textual(System.String,Core.Models.EvaluationCommentAuthor,System.DateTime)
DA:278,0
DA:279,0
DA:280,0
FN:284,Core.Domain.Comment Core.Domain.Comment::Attachment(System.String,Core.Models.EvaluationCommentAuthor,System.DateTime)
FNDA:0,Core.Domain.Comment Core.Domain.Comment::Attachment(System.String,Core.Models.EvaluationCommentAuthor,System.DateTime)
DA:285,0
DA:286,0
DA:287,0
FN:291,Core.Domain.Comment Core.Domain.Comment::Bookmark(System.Int32,Core.Models.EvaluationCommentAuthor,System.DateTime)
FNDA:0,Core.Domain.Comment Core.Domain.Comment::Bookmark(System.Int32,Core.Models.EvaluationCommentAuthor,System.DateTime)
DA:292,0
DA:293,0
DA:294,0
FN:219,System.Void Core.Domain.Comment::.ctor(Core.Models.CommentType,System.String,Core.Models.EvaluationCommentAuthor,System.DateTime)
FNDA:0,System.Void Core.Domain.Comment::.ctor(Core.Models.CommentType,System.String,Core.Models.EvaluationCommentAuthor,System.DateTime)
DA:220,0
DA:222,0
DA:223,0
DA:224,0
DA:225,0
DA:226,0
DA:227,0
DA:228,0
DA:229,0
DA:230,0
DA:231,0
DA:232,0
FN:233,System.Void Core.Domain.Comment::.ctor(System.Int32,Core.Models.EvaluationCommentAuthor,System.DateTime)
FNDA:0,System.Void Core.Domain.Comment::.ctor(System.Int32,Core.Models.EvaluationCommentAuthor,System.DateTime)
DA:234,0
DA:235,0
DA:236,0
DA:237,0
DA:238,0
DA:239,0
DA:240,0
DA:241,0
DA:242,0
FN:296,System.Boolean Core.Domain.Comment/<GetAtomicValues>d__22::MoveNext()
FNDA:0,System.Boolean Core.Domain.Comment/<GetAtomicValues>d__22::MoveNext()
DA:297,0
DA:298,0
DA:299,0
DA:300,0
DA:301,0
LF:209
LH:0
BRF:46
BRH:0
FNF:44
FNH:0
end_of_record
SF:/home/x/src/instantcoach/core/Domain/DomainObjects.cs
FN:10,System.Void Core.Domain.DomainAssertionException::.ctor(System.String)
FNDA:0,System.Void Core.Domain.DomainAssertionException::.ctor(System.String)
DA:11,0
DA:12,0
FN:26,System.Object Core.Domain.Entity::get_Actual()
FNDA:0,System.Object Core.Domain.Entity::get_Actual()
DA:27,0
FN:27,System.Int32 Core.Domain.Entity::get_Id()
FNDA:0,System.Int32 Core.Domain.Entity::get_Id()
DA:28,0
FN:30,System.Void Core.Domain.Entity::UpdateId(System.Int32)
FNDA:0,System.Void Core.Domain.Entity::UpdateId(System.Int32)
DA:31,0
DA:32,0
DA:33,0
BRDA:32,7,0,0
BRDA:32,7,1,0
BRDA:32,18,0,0
BRDA:32,18,1,0
FN:35,System.Boolean Core.Domain.Entity::Equals(System.Object)
FNDA:0,System.Boolean Core.Domain.Entity::Equals(System.Object)
DA:36,0
DA:37,0
DA:39,0
DA:40,0
DA:42,0
DA:43,0
DA:45,0
DA:46,0
DA:48,0
DA:49,0
DA:51,0
DA:52,0
BRDA:39,14,0,0
BRDA:39,14,1,0
BRDA:42,26,0,0
BRDA:42,26,1,0
BRDA:45,63,0,0
BRDA:45,63,1,0
BRDA:48,75,0,0
BRDA:48,75,1,0
BRDA:48,93,0,0
BRDA:48,93,1,0
FN:54,System.Boolean Core.Domain.Entity::op_Equality(Core.Domain.Entity,Core.Domain.Entity)
FNDA:0,System.Boolean Core.Domain.Entity::op_Equality(Core.Domain.Entity,Core.Domain.Entity)
DA:55,0
DA:56,0
DA:57,0
DA:59,0
DA:60,0
DA:62,0
DA:63,0
BRDA:56,2,0,0
BRDA:56,2,1,0
BRDA:56,13,0,0
BRDA:56,13,1,0
BRDA:59,20,0,0
BRDA:59,20,1,0
BRDA:59,31,0,0
BRDA:59,31,1,0
FN:65,System.Boolean Core.Domain.Entity::op_Inequality(Core.Domain.Entity,Core.Domain.Entity)
FNDA:0,System.Boolean Core.Domain.Entity::op_Inequality(Core.Domain.Entity,Core.Domain.Entity)
DA:66,0
DA:67,0
DA:68,0
FN:70,System.Int32 Core.Domain.Entity::GetHashCode()
FNDA:0,System.Int32 Core.Domain.Entity::GetHashCode()
DA:71,0
DA:72,0
DA:73,0
FN:78,System.Boolean Core.Domain.ValueObject::EqualOperator(Core.Domain.ValueObject,Core.Domain.ValueObject)
FNDA:0,System.Boolean Core.Domain.ValueObject::EqualOperator(Core.Domain.ValueObject,Core.Domain.ValueObject)
DA:79,0
DA:80,0
DA:81,0
DA:82,0
DA:84,0
DA:85,0
BRDA:80,12,0,0
BRDA:80,12,1,0
BRDA:84,20,0,0
BRDA:84,20,1,0
FN:87,System.Boolean Core.Domain.ValueObject::NotEqualOperator(Core.Domain.ValueObject,Core.Domain.ValueObject)
FNDA:0,System.Boolean Core.Domain.ValueObject::NotEqualOperator(Core.Domain.ValueObject,Core.Domain.ValueObject)
DA:88,0
DA:89,0
DA:90,0
FN:94,System.Boolean Core.Domain.ValueObject::Equals(System.Object)
FNDA:0,System.Boolean Core.Domain.ValueObject::Equals(System.Object)
DA:95,0
DA:96,0
DA:97,0
DA:98,0
DA:101,0
DA:102,0
DA:103,0
DA:104,0
DA:105,0
DA:106,0
DA:107,0
DA:108,0
DA:109,0
DA:112,0
DA:113,0
DA:114,0
DA:115,0
DA:117,0
DA:118,0
DA:119,0
BRDA:96,2,0,0
BRDA:96,2,1,0
BRDA:96,26,0,0
BRDA:96,26,1,0
BRDA:104,175,1,0
BRDA:106,102,0,0
BRDA:106,102,1,0
BRDA:112,116,0,0
BRDA:112,116,1,0
BRDA:112,145,0,0
BRDA:112,145,1,0
BRDA:104,160,0,0
BRDA:104,160,1,0
BRDA:104,175,0,0
BRDA:118,183,0,0
BRDA:118,183,1,0
FN:121,System.Int32 Core.Domain.ValueObject::GetHashCode()
FNDA:0,System.Int32 Core.Domain.ValueObject::GetHashCode()
DA:122,0
DA:123,0
DA:124,0
DA:125,0
DA:126,0
BRDA:123,13,0,0
BRDA:123,13,1,0
BRDA:123,49,0,0
BRDA:123,49,1,0
LF:66
LH:0
BRF:48
BRH:0
FNF:12
FNH:0
end_of_record
SF:/home/x/src/instantcoach/core/Context/Context.cs
FN:21,Microsoft.EntityFrameworkCore.DbSet`1<Core.Domain.InstantCoach> Core.Context.ICContext::get_InstantCoaches()
FNDA:0,Microsoft.EntityFrameworkCore.DbSet`1<Core.Domain.InstantCoach> Core.Context.ICContext::get_InstantCoaches()
DA:22,0
FN:24,System.Void Core.Context.ICContext::OnModelCreating(Microsoft.EntityFrameworkCore.ModelBuilder)
FNDA:0,System.Void Core.Context.ICContext::OnModelCreating(Microsoft.EntityFrameworkCore.ModelBuilder)
DA:25,0
DA:26,0
DA:27,0
DA:28,0
FN:30,System.Int32 Core.Context.ICContext::SaveChanges()
FNDA:0,System.Int32 Core.Context.ICContext::SaveChanges()
DA:31,0
DA:32,0
DA:33,0
DA:34,0
FN:43,System.Void Core.Context.ICContext::SetAuditInfo()
FNDA:0,System.Void Core.Context.ICContext::SetAuditInfo()
DA:44,0
DA:45,0
DA:46,0
DA:47,0
DA:48,0
DA:49,0
DA:50,0
DA:51,0
DA:52,0
DA:53,0
DA:54,0
DA:56,0
DA:57,0
DA:58,0
BRDA:45,18,0,0
BRDA:45,18,1,0
BRDA:49,133,1,0
BRDA:51,78,0,0
BRDA:51,78,1,0
BRDA:49,133,0,0
FN:17,System.Void Core.Context.ICContext::.ctor(Microsoft.EntityFrameworkCore.DbContextOptions`1<Core.Context.ICContext>)
FNDA:0,System.Void Core.Context.ICContext::.ctor(Microsoft.EntityFrameworkCore.DbContextOptions`1<Core.Context.ICContext>)
DA:18,0
DA:19,0
DA:20,0
FN:37,System.Void Core.Context.ICContext/<SaveChangesAsync>d__7::MoveNext()
FNDA:0,System.Void Core.Context.ICContext/<SaveChangesAsync>d__7::MoveNext()
DA:38,0
DA:39,0
DA:40,0
DA:41,0
BRDA:40,56,0,0
BRDA:40,56,1,0
FN:63,System.Void Core.Context.InstantCoachConfiguration::Configure(Microsoft.EntityFrameworkCore.Metadata.Builders.EntityTypeBuilder`1<Core.Domain.InstantCoach>)
FNDA:0,System.Void Core.Context.InstantCoachConfiguration::Configure(Microsoft.EntityFrameworkCore.Metadata.Builders.EntityTypeBuilder`1<Core.Domain.InstantCoach>)
DA:64,0
DA:65,0
DA:66,0
DA:67,0
DA:68,0
DA:69,0
DA:70,0
DA:71,0
DA:72,0
DA:73,0
DA:74,0
DA:75,0
DA:78,0
DA:79,0
DA:80,0
DA:81,0
DA:82,0
DA:83,0
DA:84,0
DA:85,0
DA:86,0
DA:87,0
DA:88,0
DA:89,0
DA:90,0
DA:91,0
DA:92,0
DA:93,0
DA:95,0
DA:96,0
DA:97,0
DA:98,0
DA:99,0
DA:100,0
DA:102,0
DA:103,0
DA:104,0
DA:105,0
DA:106,0
DA:107,0
LF:70
LH:0
BRF:12
BRH:0
FNF:7
FNH:0
end_of_record
SF:/home/x/src/instantcoach/core/Context/ContextExtensions.cs
FN:15,System.Boolean Core.Context.DbContextExtension::AllMigrationsApplied(Microsoft.EntityFrameworkCore.DbContext)
FNDA:0,System.Boolean Core.Context.DbContextExtension::AllMigrationsApplied(Microsoft.EntityFrameworkCore.DbContext)
DA:16,0
DA:17,0
DA:18,0
DA:19,0
DA:21,0
DA:22,0
DA:23,0
DA:25,0
DA:26,0
BRDA:17,18,0,0
BRDA:17,18,1,0
BRDA:21,66,0,0
BRDA:21,66,1,0
FN:28,System.Void Core.Context.DbContextExtension::EnsureSeeded(Core.Context.ICContext)
FNDA:0,System.Void Core.Context.DbContextExtension::EnsureSeeded(Core.Context.ICContext)
DA:29,0
DA:37,0
LF:11
LH:0
BRF:4
BRH:0
FNF:2
FNH:0
end_of_record
SF:/home/x/src/instantcoach/domain/BookmarkPin.cs
FN:12,System.Int32 Domain.Range::get_Start()
FNDA:37,System.Int32 Domain.Range::get_Start()
DA:13,37
FN:13,System.Int32 Domain.Range::get_End()
FNDA:28,System.Int32 Domain.Range::get_End()
DA:14,28
FN:6,System.Void Domain.Range::.ctor(System.Int32,System.Int32)
FNDA:13,System.Void Domain.Range::.ctor(System.Int32,System.Int32)
DA:7,13
DA:8,13
DA:9,13
DA:10,13
DA:11,13
FN:16,System.Boolean Domain.Range/<GetAtomicValues>d__9::MoveNext()
FNDA:4,System.Boolean Domain.Range/<GetAtomicValues>d__9::MoveNext()
DA:17,4
DA:18,4
DA:19,4
DA:20,4
FN:36,System.Int32 Domain.BookmarkPin::get_Id()
FNDA:19,System.Int32 Domain.BookmarkPin::get_Id()
DA:37,19
FN:37,System.Int32 Domain.BookmarkPin::get_Index()
FNDA:19,System.Int32 Domain.BookmarkPin::get_Index()
DA:38,19
FN:38,Domain.Range Domain.BookmarkPin::get_Range()
FNDA:33,Domain.Range Domain.BookmarkPin::get_Range()
DA:39,33
FN:39,System.String Domain.BookmarkPin::get_Comment()
FNDA:6,System.String Domain.BookmarkPin::get_Comment()
DA:40,6
FN:40,System.String Domain.BookmarkPin::get_MediaUrl()
FNDA:15,System.String Domain.BookmarkPin::get_MediaUrl()
DA:41,15
FN:43,System.Collections.Generic.IReadOnlyList`1<System.String> Domain.BookmarkPin::Validate()
FNDA:9,System.Collections.Generic.IReadOnlyList`1<System.String> Domain.BookmarkPin::Validate()
DA:44,9
DA:45,11
DA:46,10
DA:47,10
DA:48,9
DA:49,1
DA:50,9
DA:51,1
DA:52,9
DA:53,9
BRDA:45,15,0,2
BRDA:45,15,1,9
BRDA:46,48,0,1
BRDA:46,48,1,9
BRDA:47,86,0,1
BRDA:47,86,1,9
BRDA:48,134,0,1
BRDA:48,134,1,9
BRDA:50,168,0,1
BRDA:50,168,1,9
FN:24,System.Void Domain.BookmarkPin::.ctor(System.Int32,System.Int32,Domain.Range,System.String,System.String)
FNDA:13,System.Void Domain.BookmarkPin::.ctor(System.Int32,System.Int32,Domain.Range,System.String,System.String)
DA:25,13
DA:27,13
DA:28,13
DA:29,13
DA:30,13
DA:31,13
DA:32,13
DA:33,13
DA:34,13
DA:35,13
FN:55,System.Boolean Domain.BookmarkPin/<GetAtomicValues>d__18::MoveNext()
FNDA:8,System.Boolean Domain.BookmarkPin/<GetAtomicValues>d__18::MoveNext()
DA:56,8
DA:57,8
DA:58,8
DA:59,4
DA:60,4
DA:61,4
DA:62,4
LF:43
LH:43
BRF:10
BRH:10
FNF:12
FNH:12
end_of_record
SF:/home/x/src/instantcoach/domain/Comment.cs
FN:31,Domain.CommentType Domain.Comment::get_CommentType()
FNDA:106,Domain.CommentType Domain.Comment::get_CommentType()
DA:32,106
FN:32,System.String Domain.Comment::get_Text()
FNDA:86,System.String Domain.Comment::get_Text()
DA:33,86
FN:33,Domain.EvaluationCommentAuthor Domain.Comment::get_AuthorType()
FNDA:14,Domain.EvaluationCommentAuthor Domain.Comment::get_AuthorType()
DA:34,14
FN:34,System.DateTime Domain.Comment::get_CreatedAt()
FNDA:18,System.DateTime Domain.Comment::get_CreatedAt()
DA:35,18
FN:35,System.Int32 Domain.Comment::get_BookmarkPinId()
FNDA:47,System.Int32 Domain.Comment::get_BookmarkPinId()
DA:36,47
FN:38,System.Collections.Generic.IReadOnlyList`1<System.String> Domain.Comment::Validate()
FNDA:92,System.Collections.Generic.IReadOnlyList`1<System.String> Domain.Comment::Validate()
DA:39,92
DA:40,92
DA:43,40
DA:44,2
DA:45,40
DA:47,13
DA:48,1
DA:49,13
DA:50,1
DA:51,13
DA:53,40
DA:54,39
DA:57,92
DA:58,92
BRDA:40,13,1,40
BRDA:43,48,0,2
BRDA:40,13,3,13
BRDA:47,85,0,1
BRDA:47,85,1,13
BRDA:49,115,0,12
BRDA:49,115,1,1
BRDA:49,143,0,1
BRDA:40,13,2,39
BRDA:53,180,0,1
BRDA:40,13,0,92
BRDA:43,48,1,92
BRDA:49,143,1,92
BRDA:53,180,1,92
FN:62,Domain.Comment Domain.Comment::Textual(System.String,Domain.EvaluationCommentAuthor,System.DateTime)
FNDA:44,Domain.Comment Domain.Comment::Textual(System.String,Domain.EvaluationCommentAuthor,System.DateTime)
DA:63,44
DA:64,44
DA:65,44
FN:69,Domain.Comment Domain.Comment::Attachment(System.String,Domain.EvaluationCommentAuthor,System.DateTime)
FNDA:13,Domain.Comment Domain.Comment::Attachment(System.String,Domain.EvaluationCommentAuthor,System.DateTime)
DA:70,13
DA:71,13
DA:72,13
FN:76,Domain.Comment Domain.Comment::Bookmark(System.Int32,Domain.EvaluationCommentAuthor,System.DateTime)
FNDA:39,Domain.Comment Domain.Comment::Bookmark(System.Int32,Domain.EvaluationCommentAuthor,System.DateTime)
DA:77,39
DA:78,39
DA:79,39
FN:7,System.Void Domain.Comment::.ctor(Domain.CommentType,System.String,Domain.EvaluationCommentAuthor,System.DateTime)
FNDA:96,System.Void Domain.Comment::.ctor(Domain.CommentType,System.String,Domain.EvaluationCommentAuthor,System.DateTime)
DA:8,96
DA:10,57
DA:11,57
DA:12,57
DA:13,57
DA:14,57
DA:15,57
DA:16,57
DA:17,57
DA:18,57
DA:19,57
DA:20,57
FN:21,System.Void Domain.Comment::.ctor(System.Int32,Domain.EvaluationCommentAuthor,System.DateTime)
FNDA:39,System.Void Domain.Comment::.ctor(System.Int32,Domain.EvaluationCommentAuthor,System.DateTime)
DA:22,39
DA:23,39
DA:24,39
DA:25,39
DA:26,39
DA:27,39
DA:28,39
DA:29,39
DA:30,39
FN:81,System.Boolean Domain.Comment/<GetAtomicValues>d__22::MoveNext()
FNDA:10,System.Boolean Domain.Comment/<GetAtomicValues>d__22::MoveNext()
DA:82,10
DA:83,10
DA:84,6
DA:85,6
DA:86,6
LF:54
LH:54
BRF:14
BRH:14
FNF:12
FNH:12
end_of_record
SF:/home/x/src/instantcoach/domain/DomainObjects.cs
FN:18,System.Object Domain.Entity::get_Actual()
FNDA:14,System.Object Domain.Entity::get_Actual()
DA:19,14
FN:19,System.Int32 Domain.Entity::get_Id()
FNDA:79,System.Int32 Domain.Entity::get_Id()
DA:20,79
FN:22,System.Void Domain.Entity::UpdateId(System.Int32)
FNDA:12,System.Void Domain.Entity::UpdateId(System.Int32)
DA:23,12
DA:24,48
DA:25,12
BRDA:24,7,0,12
BRDA:24,7,1,0
BRDA:24,18,0,12
BRDA:24,18,1,12
FN:27,System.Boolean Domain.Entity::Equals(System.Object)
FNDA:5,System.Boolean Domain.Entity::Equals(System.Object)
DA:28,5
DA:29,5
DA:31,5
DA:32,0
DA:34,5
DA:35,0
DA:37,5
DA:38,0
DA:40,5
DA:41,0
DA:43,5
DA:44,5
BRDA:31,14,0,0
BRDA:31,14,1,5
BRDA:34,26,0,0
BRDA:34,26,1,5
BRDA:37,63,0,0
BRDA:37,63,1,5
BRDA:40,75,0,5
BRDA:40,75,1,0
BRDA:40,93,0,0
BRDA:40,93,1,5
FN:46,System.Boolean Domain.Entity::op_Equality(Domain.Entity,Domain.Entity)
FNDA:2,System.Boolean Domain.Entity::op_Equality(Domain.Entity,Domain.Entity)
DA:47,2
DA:48,2
DA:49,0
DA:51,2
DA:52,0
DA:54,2
DA:55,2
BRDA:48,2,0,0
BRDA:48,2,1,2
BRDA:48,13,0,0
BRDA:48,13,1,2
BRDA:51,20,0,2
BRDA:51,20,1,0
BRDA:51,31,0,0
BRDA:51,31,1,2
FN:57,System.Boolean Domain.Entity::op_Inequality(Domain.Entity,Domain.Entity)
FNDA:1,System.Boolean Domain.Entity::op_Inequality(Domain.Entity,Domain.Entity)
DA:58,1
DA:59,1
DA:60,1
FN:62,System.Int32 Domain.Entity::GetHashCode()
FNDA:4,System.Int32 Domain.Entity::GetHashCode()
DA:63,4
DA:64,4
DA:65,4
FN:70,System.Boolean Domain.ValueObject::EqualOperator(Domain.ValueObject,Domain.ValueObject)
FNDA:0,System.Boolean Domain.ValueObject::EqualOperator(Domain.ValueObject,Domain.ValueObject)
DA:71,0
DA:72,0
DA:73,0
DA:74,0
DA:76,0
DA:77,0
BRDA:72,12,0,0
BRDA:72,12,1,0
BRDA:76,20,0,0
BRDA:76,20,1,0
FN:79,System.Boolean Domain.ValueObject::NotEqualOperator(Domain.ValueObject,Domain.ValueObject)
FNDA:0,System.Boolean Domain.ValueObject::NotEqualOperator(Domain.ValueObject,Domain.ValueObject)
DA:80,0
DA:81,0
DA:82,0
FN:86,System.Boolean Domain.ValueObject::Equals(System.Object)
FNDA:7,System.Boolean Domain.ValueObject::Equals(System.Object)
DA:87,7
DA:88,7
DA:89,0
DA:90,0
DA:93,7
DA:94,7
DA:95,7
DA:96,19
DA:97,16
DA:98,16
DA:99,16
DA:100,0
DA:101,0
DA:104,16
DA:105,16
DA:106,4
DA:107,4
DA:109,12
DA:110,3
DA:111,7
BRDA:88,2,0,7
BRDA:88,2,1,0
BRDA:88,26,0,0
BRDA:88,26,1,7
BRDA:96,175,1,16
BRDA:98,102,0,0
BRDA:98,102,1,16
BRDA:104,116,0,16
BRDA:104,116,1,0
BRDA:104,145,0,4
BRDA:104,145,1,12
BRDA:96,160,0,16
BRDA:96,160,1,3
BRDA:96,175,0,3
BRDA:110,183,0,3
BRDA:110,183,1,0
FN:113,System.Int32 Domain.ValueObject::GetHashCode()
FNDA:8,System.Int32 Domain.ValueObject::GetHashCode()
DA:114,8
DA:115,8
DA:116,34
DA:117,26
DA:118,8
BRDA:115,13,0,1
BRDA:115,13,1,8
BRDA:115,49,0,1
BRDA:115,49,1,8
LF:64
LH:45
BRF:48
BRH:28
FNF:11
FNH:9
end_of_record
SF:/home/x/src/instantcoach/domain/Helpers.cs
FN:9,System.String Domain.Helpers::GetTicksExcludingFirst5Digits()
FNDA:30,System.String Domain.Helpers::GetTicksExcludingFirst5Digits()
DA:10,30
DA:11,30
DA:12,30
FN:14,System.Collections.Generic.List`1<T> Domain.Helpers::ClenupNullItems(System.Collections.Generic.List`1<T>)
FNDA:26,System.Collections.Generic.List`1<T> Domain.Helpers::ClenupNullItems(System.Collections.Generic.List`1<T>)
DA:15,26
DA:16,286
DA:17,26
BRDA:16,8,0,1
BRDA:16,8,1,26
FN:22,System.String Domain.IntExtensions::CheckGreaterThanZero(System.Int32,System.String)
FNDA:52,System.String Domain.IntExtensions::CheckGreaterThanZero(System.Int32,System.String)
DA:23,52
DA:24,54
DA:25,50
DA:26,52
BRDA:24,10,0,2
BRDA:24,10,1,50
FN:31,System.String Domain.StringExtensions::CheckForNull(System.String,System.String)
FNDA:104,System.String Domain.StringExtensions::CheckForNull(System.String,System.String)
DA:32,104
DA:33,108
DA:34,100
DA:35,104
BRDA:33,9,0,4
BRDA:33,9,1,100
FN:37,System.String Domain.StringExtensions::CheckLength(System.String,System.String,System.Int32)
FNDA:104,System.String Domain.StringExtensions::CheckLength(System.String,System.String,System.Int32)
DA:38,104
DA:39,104
DA:41,104
DA:42,4
DA:43,100
DA:44,104
BRDA:39,7,0,100
BRDA:39,7,1,4
BRDA:41,25,0,4
BRDA:41,25,1,100
LF:20
LH:20
BRF:10
BRH:10
FNF:5
FNH:5
end_of_record
SF:/home/x/src/instantcoach/domain/InstantCoach.cs
FN:35,System.String Domain.InstantCoach::get_Description()
FNDA:56,System.String Domain.InstantCoach::get_Description()
DA:36,56
FN:36,Domain.InstantCoachStatus Domain.InstantCoach::get_Status()
FNDA:47,Domain.InstantCoachStatus Domain.InstantCoach::get_Status()
DA:37,47
FN:37,System.String Domain.InstantCoach::get_TicketId()
FNDA:56,System.String Domain.InstantCoach::get_TicketId()
DA:38,56
FN:38,System.String Domain.InstantCoach::get_Reference()
FNDA:6,System.String Domain.InstantCoach::get_Reference()
DA:39,6
FN:39,System.Int32 Domain.InstantCoach::get_EvaluatorId()
FNDA:30,System.Int32 Domain.InstantCoach::get_EvaluatorId()
DA:40,30
FN:40,System.Int32 Domain.InstantCoach::get_AgentId()
FNDA:30,System.Int32 Domain.InstantCoach::get_AgentId()
DA:41,30
FN:41,System.String Domain.InstantCoach::get_EvaluatorName()
FNDA:56,System.String Domain.InstantCoach::get_EvaluatorName()
DA:42,56
FN:42,System.String Domain.InstantCoach::get_AgentName()
FNDA:56,System.String Domain.InstantCoach::get_AgentName()
DA:43,56
FN:43,System.Collections.Generic.List`1<Domain.Comment> Domain.InstantCoach::get_Comments()
FNDA:162,System.Collections.Generic.List`1<Domain.Comment> Domain.InstantCoach::get_Comments()
DA:44,162
FN:44,System.Collections.Generic.List`1<Domain.BookmarkPin> Domain.InstantCoach::get_BookmarkPins()
FNDA:5,System.Collections.Generic.List`1<Domain.BookmarkPin> Domain.InstantCoach::get_BookmarkPins()
DA:45,5
FN:45,System.Int32 Domain.InstantCoach::get_CommentsCount()
FNDA:71,System.Int32 Domain.InstantCoach::get_CommentsCount()
DA:46,71
FN:47,System.DateTime Domain.InstantCoach::get_CreatedAt()
FNDA:2,System.DateTime Domain.InstantCoach::get_CreatedAt()
DA:48,2
FN:48,System.DateTime Domain.InstantCoach::get_UpdatedAt()
FNDA:2,System.DateTime Domain.InstantCoach::get_UpdatedAt()
DA:49,2
FN:52,Domain.ValidationResult Domain.InstantCoach::UpdateAndValidate(Domain.UpdateType,System.Collections.Generic.List`1<Domain.CommentClient>,System.Collections.Generic.List`1<Domain.BookmarkPinClient>,System.Int32)
FNDA:11,Domain.ValidationResult Domain.InstantCoach::UpdateAndValidate(Domain.UpdateType,System.Collections.Generic.List`1<Domain.CommentClient>,System.Collections.Generic.List`1<Domain.BookmarkPinClient>,System.Int32)
DA:53,11
DA:54,11
DA:55,11
DA:56,11
DA:57,11
DA:58,11
DA:59,11
FN:61,Domain.ValidationResult Domain.InstantCoach::UpdateAsCompletedAndValidate(System.Int32)
FNDA:1,Domain.ValidationResult Domain.InstantCoach::UpdateAsCompletedAndValidate(System.Int32)
DA:62,1
DA:63,1
DA:64,1
DA:65,1
DA:66,1
FN:68,Domain.ValidationResult Domain.InstantCoach::Validate()
FNDA:26,Domain.ValidationResult Domain.InstantCoach::Validate()
DA:69,26
DA:70,26
DA:71,26
DA:72,26
FN:74,System.Void Domain.InstantCoach::CreateComments(System.Collections.Generic.List`1<Domain.CommentClient>)
FNDA:40,System.Void Domain.InstantCoach::CreateComments(System.Collections.Generic.List`1<Domain.CommentClient>)
DA:75,40
DA:76,40
DA:77,38
DA:78,38
DA:79,38
DA:80,286
DA:81,86
DA:82,86
DA:84,86
DA:87,38
DA:88,38
DA:90,10
DA:91,10
DA:94,38
DA:95,38
DA:98,86
DA:100,86
DA:101,86
DA:102,86
DA:103,92
DA:104,252
DA:105,86
DA:106,86
DA:108,38
DA:109,38
DA:110,6
DA:111,40
BRDA:76,2,0,38
BRDA:76,2,1,2
BRDA:76,18,0,38
BRDA:80,260,1,86
BRDA:84,79,1,38
BRDA:84,79,3,10
BRDA:84,79,2,38
BRDA:84,79,0,86
BRDA:100,192,0,86
BRDA:103,215,0,2
BRDA:103,215,1,84
BRDA:100,192,1,86
BRDA:80,260,0,38
BRDA:76,18,1,2
FN:113,System.Void Domain.InstantCoach::CreateBookmarkPins(System.Collections.Generic.List`1<Domain.BookmarkPinClient>)
FNDA:40,System.Void Domain.InstantCoach::CreateBookmarkPins(System.Collections.Generic.List`1<Domain.BookmarkPinClient>)
DA:114,40
DA:115,40
DA:116,2
DA:117,2
DA:119,10
DA:120,2
DA:121,2
DA:122,2
DA:123,2
DA:124,2
DA:125,2
DA:126,2
DA:127,2
DA:128,5
DA:129,3
DA:130,2
DA:131,2
DA:132,40
BRDA:115,2,0,2
BRDA:115,2,1,38
BRDA:115,18,0,2
BRDA:119,153,1,2
BRDA:128,110,0,1
BRDA:128,110,1,1
BRDA:119,153,0,2
BRDA:115,18,1,40
FN:134,Domain.InstantCoachStatus Domain.InstantCoach::SetStatus(Domain.UpdateType)
FNDA:11,Domain.InstantCoachStatus Domain.InstantCoach::SetStatus(Domain.UpdateType)
DA:135,11
DA:136,11
DA:137,10
DA:138,10
DA:141,1
DA:142,11
BRDA:136,7,0,10
BRDA:136,7,1,1
FN:144,System.Collections.Generic.List`1<System.String> Domain.InstantCoach::CreateValidationErrors()
FNDA:26,System.Collections.Generic.List`1<System.String> Domain.InstantCoach::CreateValidationErrors()
DA:145,26
DA:146,26
DA:147,26
DA:148,26
DA:149,26
DA:150,26
DA:151,26
DA:152,26
DA:153,26
DA:154,26
DA:155,26
DA:156,26
DA:157,26
DA:158,26
DA:159,26
FN:161,System.String Domain.InstantCoach::CreateReference()
FNDA:29,System.String Domain.InstantCoach::CreateReference()
DA:162,29
DA:163,29
DA:164,29
DA:165,29
FN:10,System.Void Domain.InstantCoach::.ctor(System.String,System.String,System.Int32,System.Int32,System.String,System.String,System.Collections.Generic.List`1<Domain.CommentClient>,System.Collections.Generic.List`1<Domain.BookmarkPinClient>)
FNDA:29,System.Void Domain.InstantCoach::.ctor(System.String,System.String,System.Int32,System.Int32,System.String,System.String,System.Collections.Generic.List`1<Domain.CommentClient>,System.Collections.Generic.List`1<Domain.BookmarkPinClient>)
DA:11,29
DA:13,29
DA:14,29
DA:15,29
DA:16,29
DA:17,29
DA:18,29
DA:19,29
DA:20,29
DA:21,29
DA:22,29
DA:23,29
DA:24,29
DA:25,29
DA:26,29
DA:27,29
DA:28,29
DA:29,29
DA:30,29
DA:31,29
DA:32,29
DA:33,29
DA:34,29
LF:122
LH:122
BRF:24
BRH:24
FNF:22
FNH:22
end_of_record
SF:/home/x/src/instantcoach/domain/Shared.cs
FN:35,Domain.CommentType Domain.CommentClient::get_CommentType()
FNDA:172,Domain.CommentType Domain.CommentClient::get_CommentType()
DA:36,172
FN:36,System.String Domain.CommentClient::get_Text()
FNDA:95,System.String Domain.CommentClient::get_Text()
DA:37,95
FN:37,Domain.EvaluationCommentAuthor Domain.CommentClient::get_AuthorType()
FNDA:172,Domain.EvaluationCommentAuthor Domain.CommentClient::get_AuthorType()
DA:38,172
FN:38,System.DateTime Domain.CommentClient::get_CreatedAt()
FNDA:172,System.DateTime Domain.CommentClient::get_CreatedAt()
DA:39,172
FN:39,System.Int32 Domain.CommentClient::get_BookmarkPinId()
FNDA:76,System.Int32 Domain.CommentClient::get_BookmarkPinId()
DA:40,76
FN:44,System.Int32 Domain.BookmarkPinClient::get_Id()
FNDA:4,System.Int32 Domain.BookmarkPinClient::get_Id()
DA:45,4
FN:45,System.Int32 Domain.BookmarkPinClient::get_Index()
FNDA:4,System.Int32 Domain.BookmarkPinClient::get_Index()
DA:46,4
FN:46,Domain.Range Domain.BookmarkPinClient::get_Range()
FNDA:4,Domain.Range Domain.BookmarkPinClient::get_Range()
DA:47,4
FN:47,System.String Domain.BookmarkPinClient::get_Comment()
FNDA:3,System.String Domain.BookmarkPinClient::get_Comment()
DA:48,3
FN:48,System.String Domain.BookmarkPinClient::get_MediaUrl()
FNDA:4,System.String Domain.BookmarkPinClient::get_MediaUrl()
DA:49,4
FN:53,System.Boolean Domain.ValidationResult::get_IsValid()
FNDA:22,System.Boolean Domain.ValidationResult::get_IsValid()
DA:54,22
FN:54,System.Collections.Generic.List`1<System.String> Domain.ValidationResult::get_Errors()
FNDA:101,System.Collections.Generic.List`1<System.String> Domain.ValidationResult::get_Errors()
DA:55,101
FN:56,System.Void Domain.ValidationResult::AddError(System.String)
FNDA:3,System.Void Domain.ValidationResult::AddError(System.String)
DA:57,3
DA:58,3
DA:59,3
DA:60,3
BRDA:58,9,1,3
BRDA:58,9,0,3
FN:61,System.Void Domain.ValidationResult::AddErrorRange(System.Collections.Generic.IReadOnlyList`1<System.String>)
FNDA:31,System.Void Domain.ValidationResult::AddErrorRange(System.Collections.Generic.IReadOnlyList`1<System.String>)
DA:62,31
DA:63,49
DA:64,13
DA:65,31
BRDA:63,2,0,30
BRDA:63,2,1,1
BRDA:63,18,1,13
BRDA:63,18,0,31
LF:20
LH:20
BRF:6
BRH:6
FNF:14
FNH:14
end_of_record